{"level":"\u001b[32minfo\u001b[39m","message":"{\"method\":\"POST\",\"url\":\"/api/v1/candidate/login\",\"status\":\"500\",\"responseTime\":\"316.592\"}","timestamp":"2024-12-27T13:39:40.741Z"}
{"level":"\u001b[32minfo\u001b[39m","message":"{\"method\":\"POST\",\"url\":\"/api/v1/candidate/login\",\"status\":\"500\",\"responseTime\":\"166.101\"}","timestamp":"2024-12-27T13:40:07.561Z"}
{"level":"\u001b[32minfo\u001b[39m","message":"{\"method\":\"POST\",\"url\":\"/api/v1/candidate/login\",\"status\":\"202\",\"responseTime\":\"778.533\"}","timestamp":"2024-12-27T13:40:42.783Z"}
{"level":"\u001b[32minfo\u001b[39m","message":"{\"method\":\"POST\",\"url\":\"/api/v1/candidate/update-profile\",\"status\":\"404\",\"responseTime\":\"8.062\"}","timestamp":"2024-12-27T13:41:02.098Z"}
{"level":"\u001b[32minfo\u001b[39m","message":"{\"method\":\"POST\",\"url\":\"/api/v1/candidate/update-profile\",\"status\":\"401\",\"responseTime\":\"31.177\"}","timestamp":"2024-12-27T13:51:37.431Z"}
{"level":"\u001b[32minfo\u001b[39m","message":"{\"method\":\"POST\",\"url\":\"/api/v1/candidate/login\",\"status\":\"202\",\"responseTime\":\"525.039\"}","timestamp":"2024-12-27T13:51:45.009Z"}
{"level":"\u001b[32minfo\u001b[39m","message":"{\"method\":\"POST\",\"url\":\"/api/v1/candidate/update-profile\",\"status\":\"200\",\"responseTime\":\"118.456\"}","timestamp":"2024-12-27T13:52:07.727Z"}
{"level":"\u001b[32minfo\u001b[39m","message":"{\"method\":\"POST\",\"url\":\"/api/v1/candidate/update-profile\",\"status\":\"500\",\"responseTime\":\"5745.497\"}","timestamp":"2024-12-27T13:53:04.717Z"}
{"level":"\u001b[32minfo\u001b[39m","message":"{\"method\":\"POST\",\"url\":\"/api/v1/candidate/update-profile\",\"status\":\"401\",\"responseTime\":\"27.915\"}","timestamp":"2024-12-27T13:54:04.179Z"}
{"level":"\u001b[32minfo\u001b[39m","message":"{\"method\":\"POST\",\"url\":\"/api/v1/candidate/update-profile\",\"status\":\"401\",\"responseTime\":\"38.488\"}","timestamp":"2024-12-27T13:54:42.678Z"}
{"level":"\u001b[32minfo\u001b[39m","message":"{\"method\":\"POST\",\"url\":\"/api/v1/candidate/update-profile\",\"status\":\"401\",\"responseTime\":\"15.302\"}","timestamp":"2024-12-27T13:54:44.322Z"}
{"level":"\u001b[32minfo\u001b[39m","message":"{\"method\":\"POST\",\"url\":\"/api/v1/candidate/update-profile\",\"status\":\"401\",\"responseTime\":\"6.051\"}","timestamp":"2024-12-27T13:54:45.966Z"}
{"level":"\u001b[32minfo\u001b[39m","message":"{\"method\":\"POST\",\"url\":\"/api/v1/candidate/login\",\"status\":\"202\",\"responseTime\":\"443.600\"}","timestamp":"2024-12-27T13:54:50.076Z"}
{"level":"\u001b[32minfo\u001b[39m","message":"{\"method\":\"POST\",\"url\":\"/api/v1/candidate/update-profile\",\"status\":\"500\",\"responseTime\":\"5713.695\"}","timestamp":"2024-12-27T13:55:01.588Z"}
{"level":"\u001b[32minfo\u001b[39m","message":"{\"method\":\"POST\",\"url\":\"/api/v1/candidate/update-profile\",\"status\":\"200\",\"responseTime\":\"23354.115\"}","timestamp":"2024-12-27T13:55:27.936Z"}
{"level":"\u001b[32minfo\u001b[39m","message":"{\"method\":\"POST\",\"url\":\"/api/v1/candidate/register\",\"status\":\"409\",\"responseTime\":\"66.914\"}","timestamp":"2024-12-27T13:55:51.917Z"}
{"level":"\u001b[32minfo\u001b[39m","message":"{\"method\":\"POST\",\"url\":\"/api/v1/candidate/register\",\"status\":\"201\",\"responseTime\":\"619.482\"}","timestamp":"2024-12-27T13:56:12.549Z"}
{"level":"\u001b[32minfo\u001b[39m","message":"{\"method\":\"POST\",\"url\":\"/api/v1/employer/register\",\"status\":\"409\",\"responseTime\":\"79.669\"}","timestamp":"2024-12-27T13:56:38.431Z"}
{"level":"\u001b[32minfo\u001b[39m","message":"{\"method\":\"POST\",\"url\":\"/api/v1/employer/register\",\"status\":\"201\",\"responseTime\":\"303.213\"}","timestamp":"2024-12-27T13:56:46.180Z"}
{"level":"\u001b[32minfo\u001b[39m","message":"{\"method\":\"POST\",\"url\":\"/api/v1/employer/login\",\"status\":\"401\",\"responseTime\":\"162.245\"}","timestamp":"2024-12-27T13:56:51.520Z"}
{"level":"\u001b[32minfo\u001b[39m","message":"{\"method\":\"POST\",\"url\":\"/api/v1/employer/login\",\"status\":\"400\",\"responseTime\":\"770.664\"}","timestamp":"2024-12-27T13:57:42.241Z"}
{"level":"\u001b[32minfo\u001b[39m","message":"{\"method\":\"POST\",\"url\":\"/api/v1/employer/login\",\"status\":\"202\",\"responseTime\":\"267.472\"}","timestamp":"2024-12-27T13:57:59.425Z"}
{"level":"\u001b[32minfo\u001b[39m","message":"{\"method\":\"POST\",\"url\":\"//api/v1/jobs/list\",\"status\":\"404\",\"responseTime\":\"2.263\"}","timestamp":"2024-12-27T13:58:05.871Z"}
{"level":"\u001b[32minfo\u001b[39m","message":"{\"method\":\"POST\",\"url\":\"/api/v1/jobs/list\",\"status\":\"404\",\"responseTime\":\"1.797\"}","timestamp":"2024-12-27T13:58:14.455Z"}
{"level":"\u001b[32minfo\u001b[39m","message":"{\"method\":\"POST\",\"url\":\"/api/v1/jobs/list-job\",\"status\":\"500\",\"responseTime\":\"2.227\"}","timestamp":"2024-12-27T13:58:47.983Z"}
{"level":"\u001b[32minfo\u001b[39m","message":"{\"method\":\"POST\",\"url\":\"/api/v1/jobs/list-job\",\"status\":\"500\",\"responseTime\":\"75.356\"}","timestamp":"2024-12-27T13:59:26.796Z"}
{"level":"\u001b[32minfo\u001b[39m","message":"{\"method\":\"POST\",\"url\":\"/api/v1/jobs/list-job\",\"status\":\"500\",\"responseTime\":\"3.659\"}","timestamp":"2024-12-27T13:59:34.574Z"}
{"level":"\u001b[32minfo\u001b[39m","message":"{\"method\":\"POST\",\"url\":\"/api/v1/jobs/list-job\",\"status\":\"201\",\"responseTime\":\"1567.014\"}","timestamp":"2024-12-27T14:00:25.981Z"}
